<?xml version="1.0" encoding="UTF-8"?>
<!DOCTYPE coverage SYSTEM "http://cobertura.sourceforge.net/xml/coverage-04.dtd">
<coverage line-rate="0.50000000000000" branch-rate="0" lines-covered="1" lines-valid="2" branches-covered="0" branches-valid="0" complexity="0" version="0.4" timestamp="dummy">
        <sources>
                <source>tests/fixtures</source>
        </sources>
        <packages>
                <package name="Sample.php" line-rate="0.50000000000000" branch-rate="0" complexity="0">
                        <classes>
                                <class name="Sample" filename="Sample.php" line-rate="0.50000000000000" branch-rate="0" complexity="0">
                                        <methods/>
                                        <lines>
                                                <line number="10" hits="1"/>
                                                <line number="15" hits="0"/>
                                        </lines>
                                </class>
                        </classes>
                </package>
        </packages>
</coverage>
