<?xml version="1.0" encoding="UTF-8"?>
<!DOCTYPE coverage SYSTEM "http://cobertura.sourceforge.net/xml/coverage-04.dtd">
<coverage line-rate="1.00000000000000" branch-rate="0" lines-covered="1" lines-valid="1" branches-covered="0" branches-valid="0" complexity="0" version="0.4" timestamp="1700000100">
    <sources>
        <source>/app/backend/src/Foo/Bar</source>
    </sources>
    <packages>
        <package name="ClassB.php" line-rate="1.00000000000000" branch-rate="0" complexity="0">
            <classes>
                <class name="Example\ClassB" filename="ClassB.php" line-rate="1.00000000000000" branch-rate="0" complexity="0">
                    <methods>
                        <method name="methodB" signature="" line-rate="1" branch-rate="0" complexity="0">
                            <lines>
                                <line number="20" hits="3"/>
                            </lines>
                        </method>
                    </methods>
                    <lines>
                        <line number="20" hits="3"/>
                    </lines>
                </class>
            </classes>
        </package>
    </packages>
</coverage>
