<?xml version="1.0"?>
<coverage generated="1234567890">
    <project timestamp="1234567890">
        <package name="Some\Namespace">
            <file name="/some/ci/path/root/tests/_fixtures/Sample.php">
                <line num="8" type="method" count="1"/>
                <line num="10" type="stmt" count="1"/>
                <line num="13" type="method" count="0"/>
                <line num="15" type="stmt" count="0"/>
                <metrics loc="19" ncloc="18" classes="1" methods="2" coveredmethods="1" conditionals="0" coveredconditionals="0" statements="2" coveredstatements="1" elements="4" coveredelements="2"/>
            </file>
        </package>
    </project>
</coverage>
