<?xml version="1.0" encoding="UTF-8"?>
<coverage generated="1727877241">
    <project timestamp="1727877241">
        <file name="tests/_fixtures/CoverageGuardTest/SampleNoNewline.php">
            <line num="10" type="stmt" count="1"/>
            <line num="15" type="stmt" count="0"/>
            <metrics loc="18" ncloc="17" classes="1" methods="2" coveredmethods="1" conditionals="0" coveredconditionals="0" statements="2" coveredstatements="1" elements="4" coveredelements="2"/>
        </file>
    </project>
</coverage>
