<?xml version="1.0" encoding="UTF-8"?>
<!DOCTYPE coverage SYSTEM "http://cobertura.sourceforge.net/xml/coverage-04.dtd">
<coverage line-rate="0.5" branch-rate="0" lines-covered="2" lines-valid="4" branches-covered="0" branches-valid="0" complexity="2" version="0.4" timestamp="1234567890">
    <sources>
        <source>tests/fixtures</source>
    </sources>
    <packages>
        <package name="Sample.php" line-rate="0.5" branch-rate="0" complexity="2">
            <classes>
                <class name="Sample" filename="Sample.php" line-rate="0.5" branch-rate="0" complexity="2">
                    <methods>
                        <method name="coveredMethod" signature="" line-rate="1" branch-rate="0" complexity="1">
                            <lines>
                                <line number="8" hits="1"/>
                                <line number="10" hits="1"/>
                            </lines>
                        </method>
                        <method name="untestedMethod" signature="" line-rate="0" branch-rate="0" complexity="1">
                            <lines>
                                <line number="13" hits="0"/>
                                <line number="15" hits="0"/>
                            </lines>
                        </method>
                    </methods>
                    <lines>
                        <line number="8" hits="1"/>
                        <line number="10" hits="1"/>
                        <line number="13" hits="0"/>
                        <line number="15" hits="0"/>
                    </lines>
                </class>
            </classes>
        </package>
    </packages>
</coverage>
