<?xml version="1.0" encoding="UTF-8"?>
<coverage generated="1700000000">
    <project timestamp="1700000000">
        <file name="/app/backend/src/Example.php">
            <class name="Example\ExampleClass" namespace="global">
                <metrics complexity="2" methods="0" coveredmethods="0" conditionals="0" coveredconditionals="0" statements="0" coveredstatements="0" elements="0" coveredelements="0"/>
            </class>
            <line num="10" type="stmt" count="5"/>
            <line num="20" type="stmt" count="0"/>
        </file>
    </project>
</coverage>
