<?xml version="1.0"?>
<coverage generated="1234567890">
    <project timestamp="1234567890">
        <file name="tests/_fixtures/PatchCoverage/ClassWithThrow.php">
            <line num="10" type="method" count="1"/>
            <line num="12" type="stmt" count="1"/>
            <line num="13" type="stmt" count="0"/>
            <line num="16" type="stmt" count="1"/>
            <metrics loc="20" ncloc="20" classes="1" methods="1" coveredmethods="1" conditionals="0" coveredconditionals="0" statements="3" coveredstatements="2" elements="4" coveredelements="3"/>
        </file>
    </project>
</coverage>
