<?xml version="1.0" encoding="UTF-8"?>
<!DOCTYPE coverage SYSTEM "http://cobertura.sourceforge.net/xml/coverage-04.dtd">
<coverage line-rate="0.66666666666667" branch-rate="0" lines-covered="2" lines-valid="3" branches-covered="0" branches-valid="0" complexity="0" version="0.4" timestamp="dummy">
    <sources>
        <source>/new/absolute/src</source>
    </sources>
    <packages>
        <package name="Example.php" line-rate="0.66666666666667" branch-rate="0" complexity="0">
            <classes>
                <class name="Example" filename="Example.php" line-rate="0.66666666666667" branch-rate="0" complexity="0">
                    <methods/>
                    <lines>
                        <line number="10" hits="8"/>
                        <line number="15" hits="0"/>
                        <line number="20" hits="2"/>
                    </lines>
                </class>
            </classes>
        </package>
    </packages>
</coverage>
