<?xml version="1.0" encoding="UTF-8"?>
<!DOCTYPE coverage SYSTEM "http://cobertura.sourceforge.net/xml/coverage-04.dtd">
<coverage line-rate="0.50000" branch-rate="0" lines-covered="1" lines-valid="2" branches-covered="0" branches-valid="0" complexity="0" version="0.4" timestamp="dummy">
    <sources>
        <source>/new/absolute/src</source>
    </sources>
    <packages>
        <package name="MyClass.php" line-rate="0.500" branch-rate="0" complexity="0">
            <classes>
                <class name="MyClass" filename="MyClass.php" line-rate="0.500" branch-rate="0" complexity="0">
                    <methods/>
                    <lines>
                        <line number="10" hits="1"/>
                        <line number="11" hits="0"/>
                    </lines>
                </class>
            </classes>
        </package>
    </packages>
</coverage>
